/home/nikhil/internship/stockapp/env/lib/python3.13/site-packages/rq/worker.py:1305: DeprecationWarning: This process (pid=31138) is multi-threaded, use of fork() may lead to deadlocks in the child.
  child_pid = os.fork()
/home/nikhil/internship/stockapp/env/lib/python3.13/site-packages/pytz/tzinfo.py:27: DeprecationWarning: datetime.datetime.utcfromtimestamp() is deprecated and scheduled for removal in a future version. Use timezone-aware objects to represent datetimes in UTC: datetime.datetime.fromtimestamp(timestamp, datetime.UTC).
  _epoch = datetime.utcfromtimestamp(0)
/home/nikhil/internship/stockapp/env/lib/python3.13/site-packages/googleapiclient/model.py:30: DeprecationWarning: pkg_resources is deprecated as an API. See https://setuptools.pypa.io/en/latest/pkg_resources.html
  import pkg_resources
/home/nikhil/internship/stockapp/env/lib/python3.13/site-packages/pkg_resources/__init__.py:3143: DeprecationWarning: Deprecated call to `pkg_resources.declare_namespace('google')`.
Implementing implicit namespace packages (as specified in PEP 420) is preferred to `pkg_resources.declare_namespace`. See https://setuptools.pypa.io/en/latest/references/keywords.html#keyword-namespace-packages
  declare_namespace(pkg)
/home/nikhil/internship/stockapp/env/lib/python3.13/site-packages/pkg_resources/__init__.py:3143: DeprecationWarning: Deprecated call to `pkg_resources.declare_namespace('google')`.
Implementing implicit namespace packages (as specified in PEP 420) is preferred to `pkg_resources.declare_namespace`. See https://setuptools.pypa.io/en/latest/references/keywords.html#keyword-namespace-packages
  declare_namespace(pkg)
/home/nikhil/internship/stockapp/env/lib/python3.13/site-packages/pkg_resources/__init__.py:3143: DeprecationWarning: Deprecated call to `pkg_resources.declare_namespace('google')`.
Implementing implicit namespace packages (as specified in PEP 420) is preferred to `pkg_resources.declare_namespace`. See https://setuptools.pypa.io/en/latest/references/keywords.html#keyword-namespace-packages
  declare_namespace(pkg)
/home/nikhil/internship/stockapp/env/lib/python3.13/site-packages/rq/worker.py:1305: DeprecationWarning: This process (pid=31138) is multi-threaded, use of fork() may lead to deadlocks in the child.
  child_pid = os.fork()
/home/nikhil/internship/stockapp/env/lib/python3.13/site-packages/rq/worker.py:1305: DeprecationWarning: This process (pid=31138) is multi-threaded, use of fork() may lead to deadlocks in the child.
  child_pid = os.fork()
/home/nikhil/internship/stockapp/env/lib/python3.13/site-packages/pytz/tzinfo.py:27: DeprecationWarning: datetime.datetime.utcfromtimestamp() is deprecated and scheduled for removal in a future version. Use timezone-aware objects to represent datetimes in UTC: datetime.datetime.fromtimestamp(timestamp, datetime.UTC).
  _epoch = datetime.utcfromtimestamp(0)
/home/nikhil/internship/stockapp/env/lib/python3.13/site-packages/rq/worker.py:1305: DeprecationWarning: This process (pid=31138) is multi-threaded, use of fork() may lead to deadlocks in the child.
  child_pid = os.fork()
/home/nikhil/internship/stockapp/env/lib/python3.13/site-packages/pytz/tzinfo.py:27: DeprecationWarning: datetime.datetime.utcfromtimestamp() is deprecated and scheduled for removal in a future version. Use timezone-aware objects to represent datetimes in UTC: datetime.datetime.fromtimestamp(timestamp, datetime.UTC).
  _epoch = datetime.utcfromtimestamp(0)
/home/nikhil/internship/stockapp/env/lib/python3.13/site-packages/rq/worker.py:1305: DeprecationWarning: This process (pid=31138) is multi-threaded, use of fork() may lead to deadlocks in the child.
  child_pid = os.fork()
/home/nikhil/internship/stockapp/env/lib/python3.13/site-packages/pytz/tzinfo.py:27: DeprecationWarning: datetime.datetime.utcfromtimestamp() is deprecated and scheduled for removal in a future version. Use timezone-aware objects to represent datetimes in UTC: datetime.datetime.fromtimestamp(timestamp, datetime.UTC).
  _epoch = datetime.utcfromtimestamp(0)
/home/nikhil/internship/stockapp/env/lib/python3.13/site-packages/pypdf/_crypt_providers/_cryptography.py:32: CryptographyDeprecationWarning: ARC4 has been moved to cryptography.hazmat.decrepit.ciphers.algorithms.ARC4 and will be removed from cryptography.hazmat.primitives.ciphers.algorithms in 48.0.0.
  from cryptography.hazmat.primitives.ciphers.algorithms import AES, ARC4
/home/nikhil/internship/stockapp/env/lib/python3.13/site-packages/rq/worker.py:1305: DeprecationWarning: This process (pid=31138) is multi-threaded, use of fork() may lead to deadlocks in the child.
  child_pid = os.fork()
/home/nikhil/internship/stockapp/env/lib/python3.13/site-packages/pytz/tzinfo.py:27: DeprecationWarning: datetime.datetime.utcfromtimestamp() is deprecated and scheduled for removal in a future version. Use timezone-aware objects to represent datetimes in UTC: datetime.datetime.fromtimestamp(timestamp, datetime.UTC).
  _epoch = datetime.utcfromtimestamp(0)
/home/nikhil/internship/stockapp/env/lib/python3.13/site-packages/googleapiclient/model.py:30: DeprecationWarning: pkg_resources is deprecated as an API. See https://setuptools.pypa.io/en/latest/pkg_resources.html
  import pkg_resources
/home/nikhil/internship/stockapp/env/lib/python3.13/site-packages/pkg_resources/__init__.py:3143: DeprecationWarning: Deprecated call to `pkg_resources.declare_namespace('google')`.
Implementing implicit namespace packages (as specified in PEP 420) is preferred to `pkg_resources.declare_namespace`. See https://setuptools.pypa.io/en/latest/references/keywords.html#keyword-namespace-packages
  declare_namespace(pkg)
/home/nikhil/internship/stockapp/env/lib/python3.13/site-packages/pkg_resources/__init__.py:3143: DeprecationWarning: Deprecated call to `pkg_resources.declare_namespace('google')`.
Implementing implicit namespace packages (as specified in PEP 420) is preferred to `pkg_resources.declare_namespace`. See https://setuptools.pypa.io/en/latest/references/keywords.html#keyword-namespace-packages
  declare_namespace(pkg)
/home/nikhil/internship/stockapp/env/lib/python3.13/site-packages/pkg_resources/__init__.py:3143: DeprecationWarning: Deprecated call to `pkg_resources.declare_namespace('google')`.
Implementing implicit namespace packages (as specified in PEP 420) is preferred to `pkg_resources.declare_namespace`. See https://setuptools.pypa.io/en/latest/references/keywords.html#keyword-namespace-packages
  declare_namespace(pkg)
/home/nikhil/internship/stockapp/env/lib/python3.13/site-packages/rq/worker.py:1305: DeprecationWarning: This process (pid=31138) is multi-threaded, use of fork() may lead to deadlocks in the child.
  child_pid = os.fork()
/home/nikhil/internship/stockapp/env/lib/python3.13/site-packages/pytz/tzinfo.py:27: DeprecationWarning: datetime.datetime.utcfromtimestamp() is deprecated and scheduled for removal in a future version. Use timezone-aware objects to represent datetimes in UTC: datetime.datetime.fromtimestamp(timestamp, datetime.UTC).
  _epoch = datetime.utcfromtimestamp(0)
/home/nikhil/internship/stockapp/env/lib/python3.13/site-packages/rq/worker.py:1305: DeprecationWarning: This process (pid=31138) is multi-threaded, use of fork() may lead to deadlocks in the child.
  child_pid = os.fork()
/home/nikhil/internship/stockapp/env/lib/python3.13/site-packages/pytz/tzinfo.py:27: DeprecationWarning: datetime.datetime.utcfromtimestamp() is deprecated and scheduled for removal in a future version. Use timezone-aware objects to represent datetimes in UTC: datetime.datetime.fromtimestamp(timestamp, datetime.UTC).
  _epoch = datetime.utcfromtimestamp(0)
/home/nikhil/internship/stockapp/env/lib/python3.13/site-packages/googleapiclient/model.py:30: DeprecationWarning: pkg_resources is deprecated as an API. See https://setuptools.pypa.io/en/latest/pkg_resources.html
  import pkg_resources
/home/nikhil/internship/stockapp/env/lib/python3.13/site-packages/pkg_resources/__init__.py:3143: DeprecationWarning: Deprecated call to `pkg_resources.declare_namespace('google')`.
Implementing implicit namespace packages (as specified in PEP 420) is preferred to `pkg_resources.declare_namespace`. See https://setuptools.pypa.io/en/latest/references/keywords.html#keyword-namespace-packages
  declare_namespace(pkg)
/home/nikhil/internship/stockapp/env/lib/python3.13/site-packages/pkg_resources/__init__.py:3143: DeprecationWarning: Deprecated call to `pkg_resources.declare_namespace('google')`.
Implementing implicit namespace packages (as specified in PEP 420) is preferred to `pkg_resources.declare_namespace`. See https://setuptools.pypa.io/en/latest/references/keywords.html#keyword-namespace-packages
  declare_namespace(pkg)
/home/nikhil/internship/stockapp/env/lib/python3.13/site-packages/pkg_resources/__init__.py:3143: DeprecationWarning: Deprecated call to `pkg_resources.declare_namespace('google')`.
Implementing implicit namespace packages (as specified in PEP 420) is preferred to `pkg_resources.declare_namespace`. See https://setuptools.pypa.io/en/latest/references/keywords.html#keyword-namespace-packages
  declare_namespace(pkg)
/home/nikhil/internship/stockapp/env/lib/python3.13/site-packages/rq/worker.py:1305: DeprecationWarning: This process (pid=31138) is multi-threaded, use of fork() may lead to deadlocks in the child.
  child_pid = os.fork()
/home/nikhil/internship/stockapp/env/lib/python3.13/site-packages/pytz/tzinfo.py:27: DeprecationWarning: datetime.datetime.utcfromtimestamp() is deprecated and scheduled for removal in a future version. Use timezone-aware objects to represent datetimes in UTC: datetime.datetime.fromtimestamp(timestamp, datetime.UTC).
  _epoch = datetime.utcfromtimestamp(0)
/home/nikhil/internship/stockapp/env/lib/python3.13/site-packages/rq/worker.py:1305: DeprecationWarning: This process (pid=31138) is multi-threaded, use of fork() may lead to deadlocks in the child.
  child_pid = os.fork()
/home/nikhil/internship/stockapp/env/lib/python3.13/site-packages/pytz/tzinfo.py:27: DeprecationWarning: datetime.datetime.utcfromtimestamp() is deprecated and scheduled for removal in a future version. Use timezone-aware objects to represent datetimes in UTC: datetime.datetime.fromtimestamp(timestamp, datetime.UTC).
  _epoch = datetime.utcfromtimestamp(0)
/home/nikhil/internship/stockapp/env/lib/python3.13/site-packages/pypdf/_crypt_providers/_cryptography.py:32: CryptographyDeprecationWarning: ARC4 has been moved to cryptography.hazmat.decrepit.ciphers.algorithms.ARC4 and will be removed from cryptography.hazmat.primitives.ciphers.algorithms in 48.0.0.
  from cryptography.hazmat.primitives.ciphers.algorithms import AES, ARC4
/home/nikhil/internship/stockapp/env/lib/python3.13/site-packages/rq/worker.py:1305: DeprecationWarning: This process (pid=31138) is multi-threaded, use of fork() may lead to deadlocks in the child.
  child_pid = os.fork()
/home/nikhil/internship/stockapp/env/lib/python3.13/site-packages/pytz/tzinfo.py:27: DeprecationWarning: datetime.datetime.utcfromtimestamp() is deprecated and scheduled for removal in a future version. Use timezone-aware objects to represent datetimes in UTC: datetime.datetime.fromtimestamp(timestamp, datetime.UTC).
  _epoch = datetime.utcfromtimestamp(0)
/home/nikhil/internship/stockapp/env/lib/python3.13/site-packages/rq/worker.py:1305: DeprecationWarning: This process (pid=31138) is multi-threaded, use of fork() may lead to deadlocks in the child.
  child_pid = os.fork()
/home/nikhil/internship/stockapp/env/lib/python3.13/site-packages/pytz/tzinfo.py:27: DeprecationWarning: datetime.datetime.utcfromtimestamp() is deprecated and scheduled for removal in a future version. Use timezone-aware objects to represent datetimes in UTC: datetime.datetime.fromtimestamp(timestamp, datetime.UTC).
  _epoch = datetime.utcfromtimestamp(0)
/home/nikhil/internship/stockapp/env/lib/python3.13/site-packages/rq/worker.py:1305: DeprecationWarning: This process (pid=31138) is multi-threaded, use of fork() may lead to deadlocks in the child.
  child_pid = os.fork()
/home/nikhil/internship/stockapp/env/lib/python3.13/site-packages/pytz/tzinfo.py:27: DeprecationWarning: datetime.datetime.utcfromtimestamp() is deprecated and scheduled for removal in a future version. Use timezone-aware objects to represent datetimes in UTC: datetime.datetime.fromtimestamp(timestamp, datetime.UTC).
  _epoch = datetime.utcfromtimestamp(0)
/home/nikhil/internship/stockapp/env/lib/python3.13/site-packages/pypdf/_crypt_providers/_cryptography.py:32: CryptographyDeprecationWarning: ARC4 has been moved to cryptography.hazmat.decrepit.ciphers.algorithms.ARC4 and will be removed from cryptography.hazmat.primitives.ciphers.algorithms in 48.0.0.
  from cryptography.hazmat.primitives.ciphers.algorithms import AES, ARC4
/home/nikhil/internship/stockapp/env/lib/python3.13/site-packages/rq/worker.py:1305: DeprecationWarning: This process (pid=31138) is multi-threaded, use of fork() may lead to deadlocks in the child.
  child_pid = os.fork()
/home/nikhil/internship/stockapp/env/lib/python3.13/site-packages/pytz/tzinfo.py:27: DeprecationWarning: datetime.datetime.utcfromtimestamp() is deprecated and scheduled for removal in a future version. Use timezone-aware objects to represent datetimes in UTC: datetime.datetime.fromtimestamp(timestamp, datetime.UTC).
  _epoch = datetime.utcfromtimestamp(0)
/home/nikhil/internship/stockapp/env/lib/python3.13/site-packages/rq/worker.py:1305: DeprecationWarning: This process (pid=31138) is multi-threaded, use of fork() may lead to deadlocks in the child.
  child_pid = os.fork()
/home/nikhil/internship/stockapp/env/lib/python3.13/site-packages/pytz/tzinfo.py:27: DeprecationWarning: datetime.datetime.utcfromtimestamp() is deprecated and scheduled for removal in a future version. Use timezone-aware objects to represent datetimes in UTC: datetime.datetime.fromtimestamp(timestamp, datetime.UTC).
  _epoch = datetime.utcfromtimestamp(0)
/home/nikhil/internship/stockapp/env/lib/python3.13/site-packages/rq/worker.py:1305: DeprecationWarning: This process (pid=31138) is multi-threaded, use of fork() may lead to deadlocks in the child.
  child_pid = os.fork()
/home/nikhil/internship/stockapp/env/lib/python3.13/site-packages/pytz/tzinfo.py:27: DeprecationWarning: datetime.datetime.utcfromtimestamp() is deprecated and scheduled for removal in a future version. Use timezone-aware objects to represent datetimes in UTC: datetime.datetime.fromtimestamp(timestamp, datetime.UTC).
  _epoch = datetime.utcfromtimestamp(0)
/home/nikhil/internship/stockapp/env/lib/python3.13/site-packages/rq/worker.py:1305: DeprecationWarning: This process (pid=31138) is multi-threaded, use of fork() may lead to deadlocks in the child.
  child_pid = os.fork()
/home/nikhil/internship/stockapp/env/lib/python3.13/site-packages/pytz/tzinfo.py:27: DeprecationWarning: datetime.datetime.utcfromtimestamp() is deprecated and scheduled for removal in a future version. Use timezone-aware objects to represent datetimes in UTC: datetime.datetime.fromtimestamp(timestamp, datetime.UTC).
  _epoch = datetime.utcfromtimestamp(0)
/home/nikhil/internship/stockapp/env/lib/python3.13/site-packages/rq/worker.py:1305: DeprecationWarning: This process (pid=31138) is multi-threaded, use of fork() may lead to deadlocks in the child.
  child_pid = os.fork()
/home/nikhil/internship/stockapp/env/lib/python3.13/site-packages/pytz/tzinfo.py:27: DeprecationWarning: datetime.datetime.utcfromtimestamp() is deprecated and scheduled for removal in a future version. Use timezone-aware objects to represent datetimes in UTC: datetime.datetime.fromtimestamp(timestamp, datetime.UTC).
  _epoch = datetime.utcfromtimestamp(0)
/home/nikhil/internship/stockapp/env/lib/python3.13/site-packages/googleapiclient/model.py:30: DeprecationWarning: pkg_resources is deprecated as an API. See https://setuptools.pypa.io/en/latest/pkg_resources.html
  import pkg_resources
/home/nikhil/internship/stockapp/env/lib/python3.13/site-packages/pkg_resources/__init__.py:3143: DeprecationWarning: Deprecated call to `pkg_resources.declare_namespace('google')`.
Implementing implicit namespace packages (as specified in PEP 420) is preferred to `pkg_resources.declare_namespace`. See https://setuptools.pypa.io/en/latest/references/keywords.html#keyword-namespace-packages
  declare_namespace(pkg)
/home/nikhil/internship/stockapp/env/lib/python3.13/site-packages/pkg_resources/__init__.py:3143: DeprecationWarning: Deprecated call to `pkg_resources.declare_namespace('google')`.
Implementing implicit namespace packages (as specified in PEP 420) is preferred to `pkg_resources.declare_namespace`. See https://setuptools.pypa.io/en/latest/references/keywords.html#keyword-namespace-packages
  declare_namespace(pkg)
/home/nikhil/internship/stockapp/env/lib/python3.13/site-packages/pkg_resources/__init__.py:3143: DeprecationWarning: Deprecated call to `pkg_resources.declare_namespace('google')`.
Implementing implicit namespace packages (as specified in PEP 420) is preferred to `pkg_resources.declare_namespace`. See https://setuptools.pypa.io/en/latest/references/keywords.html#keyword-namespace-packages
  declare_namespace(pkg)
/home/nikhil/internship/stockapp/env/lib/python3.13/site-packages/rq/worker.py:1305: DeprecationWarning: This process (pid=31138) is multi-threaded, use of fork() may lead to deadlocks in the child.
  child_pid = os.fork()
/home/nikhil/internship/stockapp/env/lib/python3.13/site-packages/pytz/tzinfo.py:27: DeprecationWarning: datetime.datetime.utcfromtimestamp() is deprecated and scheduled for removal in a future version. Use timezone-aware objects to represent datetimes in UTC: datetime.datetime.fromtimestamp(timestamp, datetime.UTC).
  _epoch = datetime.utcfromtimestamp(0)
/home/nikhil/internship/stockapp/env/lib/python3.13/site-packages/googleapiclient/model.py:30: DeprecationWarning: pkg_resources is deprecated as an API. See https://setuptools.pypa.io/en/latest/pkg_resources.html
  import pkg_resources
/home/nikhil/internship/stockapp/env/lib/python3.13/site-packages/pkg_resources/__init__.py:3143: DeprecationWarning: Deprecated call to `pkg_resources.declare_namespace('google')`.
Implementing implicit namespace packages (as specified in PEP 420) is preferred to `pkg_resources.declare_namespace`. See https://setuptools.pypa.io/en/latest/references/keywords.html#keyword-namespace-packages
  declare_namespace(pkg)
/home/nikhil/internship/stockapp/env/lib/python3.13/site-packages/pkg_resources/__init__.py:3143: DeprecationWarning: Deprecated call to `pkg_resources.declare_namespace('google')`.
Implementing implicit namespace packages (as specified in PEP 420) is preferred to `pkg_resources.declare_namespace`. See https://setuptools.pypa.io/en/latest/references/keywords.html#keyword-namespace-packages
  declare_namespace(pkg)
/home/nikhil/internship/stockapp/env/lib/python3.13/site-packages/pkg_resources/__init__.py:3143: DeprecationWarning: Deprecated call to `pkg_resources.declare_namespace('google')`.
Implementing implicit namespace packages (as specified in PEP 420) is preferred to `pkg_resources.declare_namespace`. See https://setuptools.pypa.io/en/latest/references/keywords.html#keyword-namespace-packages
  declare_namespace(pkg)
/home/nikhil/internship/stockapp/env/lib/python3.13/site-packages/rq/worker.py:1305: DeprecationWarning: This process (pid=31138) is multi-threaded, use of fork() may lead to deadlocks in the child.
  child_pid = os.fork()
/home/nikhil/internship/stockapp/env/lib/python3.13/site-packages/pytz/tzinfo.py:27: DeprecationWarning: datetime.datetime.utcfromtimestamp() is deprecated and scheduled for removal in a future version. Use timezone-aware objects to represent datetimes in UTC: datetime.datetime.fromtimestamp(timestamp, datetime.UTC).
  _epoch = datetime.utcfromtimestamp(0)
/home/nikhil/internship/stockapp/env/lib/python3.13/site-packages/rq/worker.py:1305: DeprecationWarning: This process (pid=31138) is multi-threaded, use of fork() may lead to deadlocks in the child.
  child_pid = os.fork()
/home/nikhil/internship/stockapp/env/lib/python3.13/site-packages/pytz/tzinfo.py:27: DeprecationWarning: datetime.datetime.utcfromtimestamp() is deprecated and scheduled for removal in a future version. Use timezone-aware objects to represent datetimes in UTC: datetime.datetime.fromtimestamp(timestamp, datetime.UTC).
  _epoch = datetime.utcfromtimestamp(0)
/home/nikhil/internship/stockapp/env/lib/python3.13/site-packages/rq/worker.py:1305: DeprecationWarning: This process (pid=31138) is multi-threaded, use of fork() may lead to deadlocks in the child.
  child_pid = os.fork()
/home/nikhil/internship/stockapp/env/lib/python3.13/site-packages/pytz/tzinfo.py:27: DeprecationWarning: datetime.datetime.utcfromtimestamp() is deprecated and scheduled for removal in a future version. Use timezone-aware objects to represent datetimes in UTC: datetime.datetime.fromtimestamp(timestamp, datetime.UTC).
  _epoch = datetime.utcfromtimestamp(0)
/home/nikhil/internship/stockapp/env/lib/python3.13/site-packages/pypdf/_crypt_providers/_cryptography.py:32: CryptographyDeprecationWarning: ARC4 has been moved to cryptography.hazmat.decrepit.ciphers.algorithms.ARC4 and will be removed from cryptography.hazmat.primitives.ciphers.algorithms in 48.0.0.
  from cryptography.hazmat.primitives.ciphers.algorithms import AES, ARC4
/home/nikhil/internship/stockapp/env/lib/python3.13/site-packages/rq/worker.py:1305: DeprecationWarning: This process (pid=31138) is multi-threaded, use of fork() may lead to deadlocks in the child.
  child_pid = os.fork()
/home/nikhil/internship/stockapp/env/lib/python3.13/site-packages/pytz/tzinfo.py:27: DeprecationWarning: datetime.datetime.utcfromtimestamp() is deprecated and scheduled for removal in a future version. Use timezone-aware objects to represent datetimes in UTC: datetime.datetime.fromtimestamp(timestamp, datetime.UTC).
  _epoch = datetime.utcfromtimestamp(0)
/home/nikhil/internship/stockapp/env/lib/python3.13/site-packages/rq/worker.py:1305: DeprecationWarning: This process (pid=31138) is multi-threaded, use of fork() may lead to deadlocks in the child.
  child_pid = os.fork()
/home/nikhil/internship/stockapp/env/lib/python3.13/site-packages/pytz/tzinfo.py:27: DeprecationWarning: datetime.datetime.utcfromtimestamp() is deprecated and scheduled for removal in a future version. Use timezone-aware objects to represent datetimes in UTC: datetime.datetime.fromtimestamp(timestamp, datetime.UTC).
  _epoch = datetime.utcfromtimestamp(0)
/home/nikhil/internship/stockapp/env/lib/python3.13/site-packages/rq/worker.py:1305: DeprecationWarning: This process (pid=31138) is multi-threaded, use of fork() may lead to deadlocks in the child.
  child_pid = os.fork()
/home/nikhil/internship/stockapp/env/lib/python3.13/site-packages/pytz/tzinfo.py:27: DeprecationWarning: datetime.datetime.utcfromtimestamp() is deprecated and scheduled for removal in a future version. Use timezone-aware objects to represent datetimes in UTC: datetime.datetime.fromtimestamp(timestamp, datetime.UTC).
  _epoch = datetime.utcfromtimestamp(0)
/home/nikhil/internship/stockapp/env/lib/python3.13/site-packages/pypdf/_crypt_providers/_cryptography.py:32: CryptographyDeprecationWarning: ARC4 has been moved to cryptography.hazmat.decrepit.ciphers.algorithms.ARC4 and will be removed from cryptography.hazmat.primitives.ciphers.algorithms in 48.0.0.
  from cryptography.hazmat.primitives.ciphers.algorithms import AES, ARC4
/home/nikhil/internship/stockapp/env/lib/python3.13/site-packages/rq/worker.py:1305: DeprecationWarning: This process (pid=31138) is multi-threaded, use of fork() may lead to deadlocks in the child.
  child_pid = os.fork()
/home/nikhil/internship/stockapp/env/lib/python3.13/site-packages/pytz/tzinfo.py:27: DeprecationWarning: datetime.datetime.utcfromtimestamp() is deprecated and scheduled for removal in a future version. Use timezone-aware objects to represent datetimes in UTC: datetime.datetime.fromtimestamp(timestamp, datetime.UTC).
  _epoch = datetime.utcfromtimestamp(0)
/home/nikhil/internship/stockapp/env/lib/python3.13/site-packages/googleapiclient/model.py:30: DeprecationWarning: pkg_resources is deprecated as an API. See https://setuptools.pypa.io/en/latest/pkg_resources.html
  import pkg_resources
/home/nikhil/internship/stockapp/env/lib/python3.13/site-packages/pkg_resources/__init__.py:3143: DeprecationWarning: Deprecated call to `pkg_resources.declare_namespace('google')`.
Implementing implicit namespace packages (as specified in PEP 420) is preferred to `pkg_resources.declare_namespace`. See https://setuptools.pypa.io/en/latest/references/keywords.html#keyword-namespace-packages
  declare_namespace(pkg)
/home/nikhil/internship/stockapp/env/lib/python3.13/site-packages/pkg_resources/__init__.py:3143: DeprecationWarning: Deprecated call to `pkg_resources.declare_namespace('google')`.
Implementing implicit namespace packages (as specified in PEP 420) is preferred to `pkg_resources.declare_namespace`. See https://setuptools.pypa.io/en/latest/references/keywords.html#keyword-namespace-packages
  declare_namespace(pkg)
/home/nikhil/internship/stockapp/env/lib/python3.13/site-packages/pkg_resources/__init__.py:3143: DeprecationWarning: Deprecated call to `pkg_resources.declare_namespace('google')`.
Implementing implicit namespace packages (as specified in PEP 420) is preferred to `pkg_resources.declare_namespace`. See https://setuptools.pypa.io/en/latest/references/keywords.html#keyword-namespace-packages
  declare_namespace(pkg)
/home/nikhil/internship/stockapp/env/lib/python3.13/site-packages/rq/worker.py:1305: DeprecationWarning: This process (pid=31138) is multi-threaded, use of fork() may lead to deadlocks in the child.
  child_pid = os.fork()
/home/nikhil/internship/stockapp/env/lib/python3.13/site-packages/pytz/tzinfo.py:27: DeprecationWarning: datetime.datetime.utcfromtimestamp() is deprecated and scheduled for removal in a future version. Use timezone-aware objects to represent datetimes in UTC: datetime.datetime.fromtimestamp(timestamp, datetime.UTC).
  _epoch = datetime.utcfromtimestamp(0)
/home/nikhil/internship/stockapp/env/lib/python3.13/site-packages/rq/worker.py:1305: DeprecationWarning: This process (pid=31138) is multi-threaded, use of fork() may lead to deadlocks in the child.
  child_pid = os.fork()
/home/nikhil/internship/stockapp/env/lib/python3.13/site-packages/pytz/tzinfo.py:27: DeprecationWarning: datetime.datetime.utcfromtimestamp() is deprecated and scheduled for removal in a future version. Use timezone-aware objects to represent datetimes in UTC: datetime.datetime.fromtimestamp(timestamp, datetime.UTC).
  _epoch = datetime.utcfromtimestamp(0)
/home/nikhil/internship/stockapp/env/lib/python3.13/site-packages/rq/worker.py:1305: DeprecationWarning: This process (pid=31138) is multi-threaded, use of fork() may lead to deadlocks in the child.
  child_pid = os.fork()
/home/nikhil/internship/stockapp/env/lib/python3.13/site-packages/pytz/tzinfo.py:27: DeprecationWarning: datetime.datetime.utcfromtimestamp() is deprecated and scheduled for removal in a future version. Use timezone-aware objects to represent datetimes in UTC: datetime.datetime.fromtimestamp(timestamp, datetime.UTC).
  _epoch = datetime.utcfromtimestamp(0)
/home/nikhil/internship/stockapp/env/lib/python3.13/site-packages/rq/worker.py:1305: DeprecationWarning: This process (pid=31138) is multi-threaded, use of fork() may lead to deadlocks in the child.
  child_pid = os.fork()
/home/nikhil/internship/stockapp/env/lib/python3.13/site-packages/pytz/tzinfo.py:27: DeprecationWarning: datetime.datetime.utcfromtimestamp() is deprecated and scheduled for removal in a future version. Use timezone-aware objects to represent datetimes in UTC: datetime.datetime.fromtimestamp(timestamp, datetime.UTC).
  _epoch = datetime.utcfromtimestamp(0)
/home/nikhil/internship/stockapp/env/lib/python3.13/site-packages/rq/worker.py:1305: DeprecationWarning: This process (pid=31138) is multi-threaded, use of fork() may lead to deadlocks in the child.
  child_pid = os.fork()
/home/nikhil/internship/stockapp/env/lib/python3.13/site-packages/pytz/tzinfo.py:27: DeprecationWarning: datetime.datetime.utcfromtimestamp() is deprecated and scheduled for removal in a future version. Use timezone-aware objects to represent datetimes in UTC: datetime.datetime.fromtimestamp(timestamp, datetime.UTC).
  _epoch = datetime.utcfromtimestamp(0)
/home/nikhil/internship/stockapp/env/lib/python3.13/site-packages/rq/worker.py:1305: DeprecationWarning: This process (pid=31138) is multi-threaded, use of fork() may lead to deadlocks in the child.
  child_pid = os.fork()
/home/nikhil/internship/stockapp/env/lib/python3.13/site-packages/pytz/tzinfo.py:27: DeprecationWarning: datetime.datetime.utcfromtimestamp() is deprecated and scheduled for removal in a future version. Use timezone-aware objects to represent datetimes in UTC: datetime.datetime.fromtimestamp(timestamp, datetime.UTC).
  _epoch = datetime.utcfromtimestamp(0)
/home/nikhil/internship/stockapp/env/lib/python3.13/site-packages/googleapiclient/model.py:30: DeprecationWarning: pkg_resources is deprecated as an API. See https://setuptools.pypa.io/en/latest/pkg_resources.html
  import pkg_resources
/home/nikhil/internship/stockapp/env/lib/python3.13/site-packages/pkg_resources/__init__.py:3143: DeprecationWarning: Deprecated call to `pkg_resources.declare_namespace('google')`.
Implementing implicit namespace packages (as specified in PEP 420) is preferred to `pkg_resources.declare_namespace`. See https://setuptools.pypa.io/en/latest/references/keywords.html#keyword-namespace-packages
  declare_namespace(pkg)
/home/nikhil/internship/stockapp/env/lib/python3.13/site-packages/pkg_resources/__init__.py:3143: DeprecationWarning: Deprecated call to `pkg_resources.declare_namespace('google')`.
Implementing implicit namespace packages (as specified in PEP 420) is preferred to `pkg_resources.declare_namespace`. See https://setuptools.pypa.io/en/latest/references/keywords.html#keyword-namespace-packages
  declare_namespace(pkg)
/home/nikhil/internship/stockapp/env/lib/python3.13/site-packages/pkg_resources/__init__.py:3143: DeprecationWarning: Deprecated call to `pkg_resources.declare_namespace('google')`.
Implementing implicit namespace packages (as specified in PEP 420) is preferred to `pkg_resources.declare_namespace`. See https://setuptools.pypa.io/en/latest/references/keywords.html#keyword-namespace-packages
  declare_namespace(pkg)
/home/nikhil/internship/stockapp/env/lib/python3.13/site-packages/rq/worker.py:1305: DeprecationWarning: This process (pid=31138) is multi-threaded, use of fork() may lead to deadlocks in the child.
  child_pid = os.fork()
/home/nikhil/internship/stockapp/env/lib/python3.13/site-packages/pytz/tzinfo.py:27: DeprecationWarning: datetime.datetime.utcfromtimestamp() is deprecated and scheduled for removal in a future version. Use timezone-aware objects to represent datetimes in UTC: datetime.datetime.fromtimestamp(timestamp, datetime.UTC).
  _epoch = datetime.utcfromtimestamp(0)
/home/nikhil/internship/stockapp/env/lib/python3.13/site-packages/rq/worker.py:1305: DeprecationWarning: This process (pid=31138) is multi-threaded, use of fork() may lead to deadlocks in the child.
  child_pid = os.fork()
/home/nikhil/internship/stockapp/env/lib/python3.13/site-packages/pytz/tzinfo.py:27: DeprecationWarning: datetime.datetime.utcfromtimestamp() is deprecated and scheduled for removal in a future version. Use timezone-aware objects to represent datetimes in UTC: datetime.datetime.fromtimestamp(timestamp, datetime.UTC).
  _epoch = datetime.utcfromtimestamp(0)
/home/nikhil/internship/stockapp/env/lib/python3.13/site-packages/rq/worker.py:1305: DeprecationWarning: This process (pid=31138) is multi-threaded, use of fork() may lead to deadlocks in the child.
  child_pid = os.fork()
/home/nikhil/internship/stockapp/env/lib/python3.13/site-packages/pytz/tzinfo.py:27: DeprecationWarning: datetime.datetime.utcfromtimestamp() is deprecated and scheduled for removal in a future version. Use timezone-aware objects to represent datetimes in UTC: datetime.datetime.fromtimestamp(timestamp, datetime.UTC).
  _epoch = datetime.utcfromtimestamp(0)
/home/nikhil/internship/stockapp/env/lib/python3.13/site-packages/pypdf/_crypt_providers/_cryptography.py:32: CryptographyDeprecationWarning: ARC4 has been moved to cryptography.hazmat.decrepit.ciphers.algorithms.ARC4 and will be removed from cryptography.hazmat.primitives.ciphers.algorithms in 48.0.0.
  from cryptography.hazmat.primitives.ciphers.algorithms import AES, ARC4
/home/nikhil/internship/stockapp/env/lib/python3.13/site-packages/rq/worker.py:1305: DeprecationWarning: This process (pid=31138) is multi-threaded, use of fork() may lead to deadlocks in the child.
  child_pid = os.fork()
/home/nikhil/internship/stockapp/env/lib/python3.13/site-packages/pytz/tzinfo.py:27: DeprecationWarning: datetime.datetime.utcfromtimestamp() is deprecated and scheduled for removal in a future version. Use timezone-aware objects to represent datetimes in UTC: datetime.datetime.fromtimestamp(timestamp, datetime.UTC).
  _epoch = datetime.utcfromtimestamp(0)
/home/nikhil/internship/stockapp/env/lib/python3.13/site-packages/rq/worker.py:1305: DeprecationWarning: This process (pid=31138) is multi-threaded, use of fork() may lead to deadlocks in the child.
  child_pid = os.fork()
/home/nikhil/internship/stockapp/env/lib/python3.13/site-packages/pytz/tzinfo.py:27: DeprecationWarning: datetime.datetime.utcfromtimestamp() is deprecated and scheduled for removal in a future version. Use timezone-aware objects to represent datetimes in UTC: datetime.datetime.fromtimestamp(timestamp, datetime.UTC).
  _epoch = datetime.utcfromtimestamp(0)
/home/nikhil/internship/stockapp/env/lib/python3.13/site-packages/pypdf/_crypt_providers/_cryptography.py:32: CryptographyDeprecationWarning: ARC4 has been moved to cryptography.hazmat.decrepit.ciphers.algorithms.ARC4 and will be removed from cryptography.hazmat.primitives.ciphers.algorithms in 48.0.0.
  from cryptography.hazmat.primitives.ciphers.algorithms import AES, ARC4
/home/nikhil/internship/stockapp/env/lib/python3.13/site-packages/rq/worker.py:1305: DeprecationWarning: This process (pid=31138) is multi-threaded, use of fork() may lead to deadlocks in the child.
  child_pid = os.fork()
/home/nikhil/internship/stockapp/env/lib/python3.13/site-packages/pytz/tzinfo.py:27: DeprecationWarning: datetime.datetime.utcfromtimestamp() is deprecated and scheduled for removal in a future version. Use timezone-aware objects to represent datetimes in UTC: datetime.datetime.fromtimestamp(timestamp, datetime.UTC).
  _epoch = datetime.utcfromtimestamp(0)
/home/nikhil/internship/stockapp/env/lib/python3.13/site-packages/googleapiclient/model.py:30: DeprecationWarning: pkg_resources is deprecated as an API. See https://setuptools.pypa.io/en/latest/pkg_resources.html
  import pkg_resources
/home/nikhil/internship/stockapp/env/lib/python3.13/site-packages/pkg_resources/__init__.py:3143: DeprecationWarning: Deprecated call to `pkg_resources.declare_namespace('google')`.
Implementing implicit namespace packages (as specified in PEP 420) is preferred to `pkg_resources.declare_namespace`. See https://setuptools.pypa.io/en/latest/references/keywords.html#keyword-namespace-packages
  declare_namespace(pkg)
/home/nikhil/internship/stockapp/env/lib/python3.13/site-packages/pkg_resources/__init__.py:3143: DeprecationWarning: Deprecated call to `pkg_resources.declare_namespace('google')`.
Implementing implicit namespace packages (as specified in PEP 420) is preferred to `pkg_resources.declare_namespace`. See https://setuptools.pypa.io/en/latest/references/keywords.html#keyword-namespace-packages
  declare_namespace(pkg)
/home/nikhil/internship/stockapp/env/lib/python3.13/site-packages/pkg_resources/__init__.py:3143: DeprecationWarning: Deprecated call to `pkg_resources.declare_namespace('google')`.
Implementing implicit namespace packages (as specified in PEP 420) is preferred to `pkg_resources.declare_namespace`. See https://setuptools.pypa.io/en/latest/references/keywords.html#keyword-namespace-packages
  declare_namespace(pkg)
/home/nikhil/internship/stockapp/env/lib/python3.13/site-packages/rq/worker.py:1305: DeprecationWarning: This process (pid=31138) is multi-threaded, use of fork() may lead to deadlocks in the child.
  child_pid = os.fork()
/home/nikhil/internship/stockapp/env/lib/python3.13/site-packages/pytz/tzinfo.py:27: DeprecationWarning: datetime.datetime.utcfromtimestamp() is deprecated and scheduled for removal in a future version. Use timezone-aware objects to represent datetimes in UTC: datetime.datetime.fromtimestamp(timestamp, datetime.UTC).
  _epoch = datetime.utcfromtimestamp(0)
/home/nikhil/internship/stockapp/env/lib/python3.13/site-packages/rq/worker.py:1305: DeprecationWarning: This process (pid=31138) is multi-threaded, use of fork() may lead to deadlocks in the child.
  child_pid = os.fork()
/home/nikhil/internship/stockapp/env/lib/python3.13/site-packages/pytz/tzinfo.py:27: DeprecationWarning: datetime.datetime.utcfromtimestamp() is deprecated and scheduled for removal in a future version. Use timezone-aware objects to represent datetimes in UTC: datetime.datetime.fromtimestamp(timestamp, datetime.UTC).
  _epoch = datetime.utcfromtimestamp(0)
/home/nikhil/internship/stockapp/env/lib/python3.13/site-packages/rq/worker.py:1305: DeprecationWarning: This process (pid=31138) is multi-threaded, use of fork() may lead to deadlocks in the child.
  child_pid = os.fork()
/home/nikhil/internship/stockapp/env/lib/python3.13/site-packages/pytz/tzinfo.py:27: DeprecationWarning: datetime.datetime.utcfromtimestamp() is deprecated and scheduled for removal in a future version. Use timezone-aware objects to represent datetimes in UTC: datetime.datetime.fromtimestamp(timestamp, datetime.UTC).
  _epoch = datetime.utcfromtimestamp(0)
/home/nikhil/internship/stockapp/env/lib/python3.13/site-packages/pypdf/_crypt_providers/_cryptography.py:32: CryptographyDeprecationWarning: ARC4 has been moved to cryptography.hazmat.decrepit.ciphers.algorithms.ARC4 and will be removed from cryptography.hazmat.primitives.ciphers.algorithms in 48.0.0.
  from cryptography.hazmat.primitives.ciphers.algorithms import AES, ARC4
/home/nikhil/internship/stockapp/env/lib/python3.13/site-packages/rq/worker.py:1305: DeprecationWarning: This process (pid=31138) is multi-threaded, use of fork() may lead to deadlocks in the child.
  child_pid = os.fork()
/home/nikhil/internship/stockapp/env/lib/python3.13/site-packages/pytz/tzinfo.py:27: DeprecationWarning: datetime.datetime.utcfromtimestamp() is deprecated and scheduled for removal in a future version. Use timezone-aware objects to represent datetimes in UTC: datetime.datetime.fromtimestamp(timestamp, datetime.UTC).
  _epoch = datetime.utcfromtimestamp(0)
/home/nikhil/internship/stockapp/env/lib/python3.13/site-packages/rq/worker.py:1305: DeprecationWarning: This process (pid=31138) is multi-threaded, use of fork() may lead to deadlocks in the child.
  child_pid = os.fork()
/home/nikhil/internship/stockapp/env/lib/python3.13/site-packages/pytz/tzinfo.py:27: DeprecationWarning: datetime.datetime.utcfromtimestamp() is deprecated and scheduled for removal in a future version. Use timezone-aware objects to represent datetimes in UTC: datetime.datetime.fromtimestamp(timestamp, datetime.UTC).
  _epoch = datetime.utcfromtimestamp(0)
/home/nikhil/internship/stockapp/env/lib/python3.13/site-packages/googleapiclient/model.py:30: DeprecationWarning: pkg_resources is deprecated as an API. See https://setuptools.pypa.io/en/latest/pkg_resources.html
  import pkg_resources
/home/nikhil/internship/stockapp/env/lib/python3.13/site-packages/pkg_resources/__init__.py:3143: DeprecationWarning: Deprecated call to `pkg_resources.declare_namespace('google')`.
Implementing implicit namespace packages (as specified in PEP 420) is preferred to `pkg_resources.declare_namespace`. See https://setuptools.pypa.io/en/latest/references/keywords.html#keyword-namespace-packages
  declare_namespace(pkg)
/home/nikhil/internship/stockapp/env/lib/python3.13/site-packages/pkg_resources/__init__.py:3143: DeprecationWarning: Deprecated call to `pkg_resources.declare_namespace('google')`.
Implementing implicit namespace packages (as specified in PEP 420) is preferred to `pkg_resources.declare_namespace`. See https://setuptools.pypa.io/en/latest/references/keywords.html#keyword-namespace-packages
  declare_namespace(pkg)
/home/nikhil/internship/stockapp/env/lib/python3.13/site-packages/pkg_resources/__init__.py:3143: DeprecationWarning: Deprecated call to `pkg_resources.declare_namespace('google')`.
Implementing implicit namespace packages (as specified in PEP 420) is preferred to `pkg_resources.declare_namespace`. See https://setuptools.pypa.io/en/latest/references/keywords.html#keyword-namespace-packages
  declare_namespace(pkg)
/home/nikhil/internship/stockapp/env/lib/python3.13/site-packages/rq/worker.py:1305: DeprecationWarning: This process (pid=31138) is multi-threaded, use of fork() may lead to deadlocks in the child.
  child_pid = os.fork()
/home/nikhil/internship/stockapp/env/lib/python3.13/site-packages/pytz/tzinfo.py:27: DeprecationWarning: datetime.datetime.utcfromtimestamp() is deprecated and scheduled for removal in a future version. Use timezone-aware objects to represent datetimes in UTC: datetime.datetime.fromtimestamp(timestamp, datetime.UTC).
  _epoch = datetime.utcfromtimestamp(0)
/home/nikhil/internship/stockapp/env/lib/python3.13/site-packages/rq/worker.py:1305: DeprecationWarning: This process (pid=31138) is multi-threaded, use of fork() may lead to deadlocks in the child.
  child_pid = os.fork()
/home/nikhil/internship/stockapp/env/lib/python3.13/site-packages/pytz/tzinfo.py:27: DeprecationWarning: datetime.datetime.utcfromtimestamp() is deprecated and scheduled for removal in a future version. Use timezone-aware objects to represent datetimes in UTC: datetime.datetime.fromtimestamp(timestamp, datetime.UTC).
  _epoch = datetime.utcfromtimestamp(0)
/home/nikhil/internship/stockapp/env/lib/python3.13/site-packages/rq/worker.py:1305: DeprecationWarning: This process (pid=31138) is multi-threaded, use of fork() may lead to deadlocks in the child.
  child_pid = os.fork()
/home/nikhil/internship/stockapp/env/lib/python3.13/site-packages/pytz/tzinfo.py:27: DeprecationWarning: datetime.datetime.utcfromtimestamp() is deprecated and scheduled for removal in a future version. Use timezone-aware objects to represent datetimes in UTC: datetime.datetime.fromtimestamp(timestamp, datetime.UTC).
  _epoch = datetime.utcfromtimestamp(0)
/home/nikhil/internship/stockapp/env/lib/python3.13/site-packages/rq/worker.py:1305: DeprecationWarning: This process (pid=31138) is multi-threaded, use of fork() may lead to deadlocks in the child.
  child_pid = os.fork()
/home/nikhil/internship/stockapp/env/lib/python3.13/site-packages/pytz/tzinfo.py:27: DeprecationWarning: datetime.datetime.utcfromtimestamp() is deprecated and scheduled for removal in a future version. Use timezone-aware objects to represent datetimes in UTC: datetime.datetime.fromtimestamp(timestamp, datetime.UTC).
  _epoch = datetime.utcfromtimestamp(0)
/home/nikhil/internship/stockapp/env/lib/python3.13/site-packages/rq/worker.py:1305: DeprecationWarning: This process (pid=31138) is multi-threaded, use of fork() may lead to deadlocks in the child.
  child_pid = os.fork()
/home/nikhil/internship/stockapp/env/lib/python3.13/site-packages/pytz/tzinfo.py:27: DeprecationWarning: datetime.datetime.utcfromtimestamp() is deprecated and scheduled for removal in a future version. Use timezone-aware objects to represent datetimes in UTC: datetime.datetime.fromtimestamp(timestamp, datetime.UTC).
  _epoch = datetime.utcfromtimestamp(0)
/home/nikhil/internship/stockapp/env/lib/python3.13/site-packages/rq/worker.py:1305: DeprecationWarning: This process (pid=31138) is multi-threaded, use of fork() may lead to deadlocks in the child.
  child_pid = os.fork()
/home/nikhil/internship/stockapp/env/lib/python3.13/site-packages/pytz/tzinfo.py:27: DeprecationWarning: datetime.datetime.utcfromtimestamp() is deprecated and scheduled for removal in a future version. Use timezone-aware objects to represent datetimes in UTC: datetime.datetime.fromtimestamp(timestamp, datetime.UTC).
  _epoch = datetime.utcfromtimestamp(0)
/home/nikhil/internship/stockapp/env/lib/python3.13/site-packages/rq/worker.py:1305: DeprecationWarning: This process (pid=31138) is multi-threaded, use of fork() may lead to deadlocks in the child.
  child_pid = os.fork()
/home/nikhil/internship/stockapp/env/lib/python3.13/site-packages/pytz/tzinfo.py:27: DeprecationWarning: datetime.datetime.utcfromtimestamp() is deprecated and scheduled for removal in a future version. Use timezone-aware objects to represent datetimes in UTC: datetime.datetime.fromtimestamp(timestamp, datetime.UTC).
  _epoch = datetime.utcfromtimestamp(0)
/home/nikhil/internship/stockapp/env/lib/python3.13/site-packages/rq/worker.py:1305: DeprecationWarning: This process (pid=31138) is multi-threaded, use of fork() may lead to deadlocks in the child.
  child_pid = os.fork()
/home/nikhil/internship/stockapp/env/lib/python3.13/site-packages/pytz/tzinfo.py:27: DeprecationWarning: datetime.datetime.utcfromtimestamp() is deprecated and scheduled for removal in a future version. Use timezone-aware objects to represent datetimes in UTC: datetime.datetime.fromtimestamp(timestamp, datetime.UTC).
  _epoch = datetime.utcfromtimestamp(0)
/home/nikhil/internship/stockapp/env/lib/python3.13/site-packages/rq/worker.py:1305: DeprecationWarning: This process (pid=31138) is multi-threaded, use of fork() may lead to deadlocks in the child.
  child_pid = os.fork()
/home/nikhil/internship/stockapp/env/lib/python3.13/site-packages/pytz/tzinfo.py:27: DeprecationWarning: datetime.datetime.utcfromtimestamp() is deprecated and scheduled for removal in a future version. Use timezone-aware objects to represent datetimes in UTC: datetime.datetime.fromtimestamp(timestamp, datetime.UTC).
  _epoch = datetime.utcfromtimestamp(0)
/home/nikhil/internship/stockapp/env/lib/python3.13/site-packages/rq/worker.py:1305: DeprecationWarning: This process (pid=31138) is multi-threaded, use of fork() may lead to deadlocks in the child.
  child_pid = os.fork()
/home/nikhil/internship/stockapp/env/lib/python3.13/site-packages/pytz/tzinfo.py:27: DeprecationWarning: datetime.datetime.utcfromtimestamp() is deprecated and scheduled for removal in a future version. Use timezone-aware objects to represent datetimes in UTC: datetime.datetime.fromtimestamp(timestamp, datetime.UTC).
  _epoch = datetime.utcfromtimestamp(0)
/home/nikhil/internship/stockapp/env/lib/python3.13/site-packages/rq/worker.py:1305: DeprecationWarning: This process (pid=31138) is multi-threaded, use of fork() may lead to deadlocks in the child.
  child_pid = os.fork()
/home/nikhil/internship/stockapp/env/lib/python3.13/site-packages/pytz/tzinfo.py:27: DeprecationWarning: datetime.datetime.utcfromtimestamp() is deprecated and scheduled for removal in a future version. Use timezone-aware objects to represent datetimes in UTC: datetime.datetime.fromtimestamp(timestamp, datetime.UTC).
  _epoch = datetime.utcfromtimestamp(0)
/home/nikhil/internship/stockapp/env/lib/python3.13/site-packages/rq/worker.py:1305: DeprecationWarning: This process (pid=31138) is multi-threaded, use of fork() may lead to deadlocks in the child.
  child_pid = os.fork()
/home/nikhil/internship/stockapp/env/lib/python3.13/site-packages/pytz/tzinfo.py:27: DeprecationWarning: datetime.datetime.utcfromtimestamp() is deprecated and scheduled for removal in a future version. Use timezone-aware objects to represent datetimes in UTC: datetime.datetime.fromtimestamp(timestamp, datetime.UTC).
  _epoch = datetime.utcfromtimestamp(0)
/home/nikhil/internship/stockapp/env/lib/python3.13/site-packages/pypdf/_crypt_providers/_cryptography.py:32: CryptographyDeprecationWarning: ARC4 has been moved to cryptography.hazmat.decrepit.ciphers.algorithms.ARC4 and will be removed from cryptography.hazmat.primitives.ciphers.algorithms in 48.0.0.
  from cryptography.hazmat.primitives.ciphers.algorithms import AES, ARC4
/home/nikhil/internship/stockapp/env/lib/python3.13/site-packages/rq/worker.py:1305: DeprecationWarning: This process (pid=31138) is multi-threaded, use of fork() may lead to deadlocks in the child.
  child_pid = os.fork()
/home/nikhil/internship/stockapp/env/lib/python3.13/site-packages/pytz/tzinfo.py:27: DeprecationWarning: datetime.datetime.utcfromtimestamp() is deprecated and scheduled for removal in a future version. Use timezone-aware objects to represent datetimes in UTC: datetime.datetime.fromtimestamp(timestamp, datetime.UTC).
  _epoch = datetime.utcfromtimestamp(0)
/home/nikhil/internship/stockapp/env/lib/python3.13/site-packages/rq/worker.py:1305: DeprecationWarning: This process (pid=31138) is multi-threaded, use of fork() may lead to deadlocks in the child.
  child_pid = os.fork()
/home/nikhil/internship/stockapp/env/lib/python3.13/site-packages/pytz/tzinfo.py:27: DeprecationWarning: datetime.datetime.utcfromtimestamp() is deprecated and scheduled for removal in a future version. Use timezone-aware objects to represent datetimes in UTC: datetime.datetime.fromtimestamp(timestamp, datetime.UTC).
  _epoch = datetime.utcfromtimestamp(0)
/home/nikhil/internship/stockapp/env/lib/python3.13/site-packages/googleapiclient/model.py:30: DeprecationWarning: pkg_resources is deprecated as an API. See https://setuptools.pypa.io/en/latest/pkg_resources.html
  import pkg_resources
/home/nikhil/internship/stockapp/env/lib/python3.13/site-packages/pkg_resources/__init__.py:3143: DeprecationWarning: Deprecated call to `pkg_resources.declare_namespace('google')`.
Implementing implicit namespace packages (as specified in PEP 420) is preferred to `pkg_resources.declare_namespace`. See https://setuptools.pypa.io/en/latest/references/keywords.html#keyword-namespace-packages
  declare_namespace(pkg)
/home/nikhil/internship/stockapp/env/lib/python3.13/site-packages/pkg_resources/__init__.py:3143: DeprecationWarning: Deprecated call to `pkg_resources.declare_namespace('google')`.
Implementing implicit namespace packages (as specified in PEP 420) is preferred to `pkg_resources.declare_namespace`. See https://setuptools.pypa.io/en/latest/references/keywords.html#keyword-namespace-packages
  declare_namespace(pkg)
/home/nikhil/internship/stockapp/env/lib/python3.13/site-packages/pkg_resources/__init__.py:3143: DeprecationWarning: Deprecated call to `pkg_resources.declare_namespace('google')`.
Implementing implicit namespace packages (as specified in PEP 420) is preferred to `pkg_resources.declare_namespace`. See https://setuptools.pypa.io/en/latest/references/keywords.html#keyword-namespace-packages
  declare_namespace(pkg)
/home/nikhil/internship/stockapp/env/lib/python3.13/site-packages/rq/worker.py:1305: DeprecationWarning: This process (pid=31138) is multi-threaded, use of fork() may lead to deadlocks in the child.
  child_pid = os.fork()
/home/nikhil/internship/stockapp/env/lib/python3.13/site-packages/pytz/tzinfo.py:27: DeprecationWarning: datetime.datetime.utcfromtimestamp() is deprecated and scheduled for removal in a future version. Use timezone-aware objects to represent datetimes in UTC: datetime.datetime.fromtimestamp(timestamp, datetime.UTC).
  _epoch = datetime.utcfromtimestamp(0)
/home/nikhil/internship/stockapp/env/lib/python3.13/site-packages/rq/worker.py:1305: DeprecationWarning: This process (pid=31138) is multi-threaded, use of fork() may lead to deadlocks in the child.
  child_pid = os.fork()
/home/nikhil/internship/stockapp/env/lib/python3.13/site-packages/pytz/tzinfo.py:27: DeprecationWarning: datetime.datetime.utcfromtimestamp() is deprecated and scheduled for removal in a future version. Use timezone-aware objects to represent datetimes in UTC: datetime.datetime.fromtimestamp(timestamp, datetime.UTC).
  _epoch = datetime.utcfromtimestamp(0)
/home/nikhil/internship/stockapp/env/lib/python3.13/site-packages/rq/worker.py:1305: DeprecationWarning: This process (pid=31138) is multi-threaded, use of fork() may lead to deadlocks in the child.
  child_pid = os.fork()
/home/nikhil/internship/stockapp/env/lib/python3.13/site-packages/pytz/tzinfo.py:27: DeprecationWarning: datetime.datetime.utcfromtimestamp() is deprecated and scheduled for removal in a future version. Use timezone-aware objects to represent datetimes in UTC: datetime.datetime.fromtimestamp(timestamp, datetime.UTC).
  _epoch = datetime.utcfromtimestamp(0)
/home/nikhil/internship/stockapp/env/lib/python3.13/site-packages/rq/worker.py:1305: DeprecationWarning: This process (pid=31138) is multi-threaded, use of fork() may lead to deadlocks in the child.
  child_pid = os.fork()
/home/nikhil/internship/stockapp/env/lib/python3.13/site-packages/pytz/tzinfo.py:27: DeprecationWarning: datetime.datetime.utcfromtimestamp() is deprecated and scheduled for removal in a future version. Use timezone-aware objects to represent datetimes in UTC: datetime.datetime.fromtimestamp(timestamp, datetime.UTC).
  _epoch = datetime.utcfromtimestamp(0)
/home/nikhil/internship/stockapp/env/lib/python3.13/site-packages/rq/worker.py:1305: DeprecationWarning: This process (pid=31138) is multi-threaded, use of fork() may lead to deadlocks in the child.
  child_pid = os.fork()
/home/nikhil/internship/stockapp/env/lib/python3.13/site-packages/pytz/tzinfo.py:27: DeprecationWarning: datetime.datetime.utcfromtimestamp() is deprecated and scheduled for removal in a future version. Use timezone-aware objects to represent datetimes in UTC: datetime.datetime.fromtimestamp(timestamp, datetime.UTC).
  _epoch = datetime.utcfromtimestamp(0)
/home/nikhil/internship/stockapp/env/lib/python3.13/site-packages/rq/worker.py:1305: DeprecationWarning: This process (pid=31138) is multi-threaded, use of fork() may lead to deadlocks in the child.
  child_pid = os.fork()
/home/nikhil/internship/stockapp/env/lib/python3.13/site-packages/pytz/tzinfo.py:27: DeprecationWarning: datetime.datetime.utcfromtimestamp() is deprecated and scheduled for removal in a future version. Use timezone-aware objects to represent datetimes in UTC: datetime.datetime.fromtimestamp(timestamp, datetime.UTC).
  _epoch = datetime.utcfromtimestamp(0)
/home/nikhil/internship/stockapp/env/lib/python3.13/site-packages/rq/worker.py:1305: DeprecationWarning: This process (pid=31138) is multi-threaded, use of fork() may lead to deadlocks in the child.
  child_pid = os.fork()
/home/nikhil/internship/stockapp/env/lib/python3.13/site-packages/pytz/tzinfo.py:27: DeprecationWarning: datetime.datetime.utcfromtimestamp() is deprecated and scheduled for removal in a future version. Use timezone-aware objects to represent datetimes in UTC: datetime.datetime.fromtimestamp(timestamp, datetime.UTC).
  _epoch = datetime.utcfromtimestamp(0)
/home/nikhil/internship/stockapp/env/lib/python3.13/site-packages/rq/worker.py:1305: DeprecationWarning: This process (pid=31138) is multi-threaded, use of fork() may lead to deadlocks in the child.
  child_pid = os.fork()
/home/nikhil/internship/stockapp/env/lib/python3.13/site-packages/pytz/tzinfo.py:27: DeprecationWarning: datetime.datetime.utcfromtimestamp() is deprecated and scheduled for removal in a future version. Use timezone-aware objects to represent datetimes in UTC: datetime.datetime.fromtimestamp(timestamp, datetime.UTC).
  _epoch = datetime.utcfromtimestamp(0)
/home/nikhil/internship/stockapp/env/lib/python3.13/site-packages/rq/worker.py:1305: DeprecationWarning: This process (pid=31138) is multi-threaded, use of fork() may lead to deadlocks in the child.
  child_pid = os.fork()
/home/nikhil/internship/stockapp/env/lib/python3.13/site-packages/pytz/tzinfo.py:27: DeprecationWarning: datetime.datetime.utcfromtimestamp() is deprecated and scheduled for removal in a future version. Use timezone-aware objects to represent datetimes in UTC: datetime.datetime.fromtimestamp(timestamp, datetime.UTC).
  _epoch = datetime.utcfromtimestamp(0)
/home/nikhil/internship/stockapp/env/lib/python3.13/site-packages/rq/worker.py:1305: DeprecationWarning: This process (pid=31138) is multi-threaded, use of fork() may lead to deadlocks in the child.
  child_pid = os.fork()
/home/nikhil/internship/stockapp/env/lib/python3.13/site-packages/pytz/tzinfo.py:27: DeprecationWarning: datetime.datetime.utcfromtimestamp() is deprecated and scheduled for removal in a future version. Use timezone-aware objects to represent datetimes in UTC: datetime.datetime.fromtimestamp(timestamp, datetime.UTC).
  _epoch = datetime.utcfromtimestamp(0)
/home/nikhil/internship/stockapp/env/lib/python3.13/site-packages/pypdf/_crypt_providers/_cryptography.py:32: CryptographyDeprecationWarning: ARC4 has been moved to cryptography.hazmat.decrepit.ciphers.algorithms.ARC4 and will be removed from cryptography.hazmat.primitives.ciphers.algorithms in 48.0.0.
  from cryptography.hazmat.primitives.ciphers.algorithms import AES, ARC4
/home/nikhil/internship/stockapp/env/lib/python3.13/site-packages/rq/worker.py:1305: DeprecationWarning: This process (pid=31138) is multi-threaded, use of fork() may lead to deadlocks in the child.
  child_pid = os.fork()
/home/nikhil/internship/stockapp/env/lib/python3.13/site-packages/pytz/tzinfo.py:27: DeprecationWarning: datetime.datetime.utcfromtimestamp() is deprecated and scheduled for removal in a future version. Use timezone-aware objects to represent datetimes in UTC: datetime.datetime.fromtimestamp(timestamp, datetime.UTC).
  _epoch = datetime.utcfromtimestamp(0)
/home/nikhil/internship/stockapp/env/lib/python3.13/site-packages/googleapiclient/model.py:30: DeprecationWarning: pkg_resources is deprecated as an API. See https://setuptools.pypa.io/en/latest/pkg_resources.html
  import pkg_resources
/home/nikhil/internship/stockapp/env/lib/python3.13/site-packages/pkg_resources/__init__.py:3143: DeprecationWarning: Deprecated call to `pkg_resources.declare_namespace('google')`.
Implementing implicit namespace packages (as specified in PEP 420) is preferred to `pkg_resources.declare_namespace`. See https://setuptools.pypa.io/en/latest/references/keywords.html#keyword-namespace-packages
  declare_namespace(pkg)
/home/nikhil/internship/stockapp/env/lib/python3.13/site-packages/pkg_resources/__init__.py:3143: DeprecationWarning: Deprecated call to `pkg_resources.declare_namespace('google')`.
Implementing implicit namespace packages (as specified in PEP 420) is preferred to `pkg_resources.declare_namespace`. See https://setuptools.pypa.io/en/latest/references/keywords.html#keyword-namespace-packages
  declare_namespace(pkg)
/home/nikhil/internship/stockapp/env/lib/python3.13/site-packages/pkg_resources/__init__.py:3143: DeprecationWarning: Deprecated call to `pkg_resources.declare_namespace('google')`.
Implementing implicit namespace packages (as specified in PEP 420) is preferred to `pkg_resources.declare_namespace`. See https://setuptools.pypa.io/en/latest/references/keywords.html#keyword-namespace-packages
  declare_namespace(pkg)
/home/nikhil/internship/stockapp/env/lib/python3.13/site-packages/rq/worker.py:1305: DeprecationWarning: This process (pid=31138) is multi-threaded, use of fork() may lead to deadlocks in the child.
  child_pid = os.fork()
/home/nikhil/internship/stockapp/env/lib/python3.13/site-packages/pytz/tzinfo.py:27: DeprecationWarning: datetime.datetime.utcfromtimestamp() is deprecated and scheduled for removal in a future version. Use timezone-aware objects to represent datetimes in UTC: datetime.datetime.fromtimestamp(timestamp, datetime.UTC).
  _epoch = datetime.utcfromtimestamp(0)
/home/nikhil/internship/stockapp/env/lib/python3.13/site-packages/rq/worker.py:1305: DeprecationWarning: This process (pid=31138) is multi-threaded, use of fork() may lead to deadlocks in the child.
  child_pid = os.fork()
/home/nikhil/internship/stockapp/env/lib/python3.13/site-packages/pytz/tzinfo.py:27: DeprecationWarning: datetime.datetime.utcfromtimestamp() is deprecated and scheduled for removal in a future version. Use timezone-aware objects to represent datetimes in UTC: datetime.datetime.fromtimestamp(timestamp, datetime.UTC).
  _epoch = datetime.utcfromtimestamp(0)
/home/nikhil/internship/stockapp/env/lib/python3.13/site-packages/rq/worker.py:1305: DeprecationWarning: This process (pid=31138) is multi-threaded, use of fork() may lead to deadlocks in the child.
  child_pid = os.fork()
/home/nikhil/internship/stockapp/env/lib/python3.13/site-packages/pytz/tzinfo.py:27: DeprecationWarning: datetime.datetime.utcfromtimestamp() is deprecated and scheduled for removal in a future version. Use timezone-aware objects to represent datetimes in UTC: datetime.datetime.fromtimestamp(timestamp, datetime.UTC).
  _epoch = datetime.utcfromtimestamp(0)
/home/nikhil/internship/stockapp/env/lib/python3.13/site-packages/rq/worker.py:1305: DeprecationWarning: This process (pid=31138) is multi-threaded, use of fork() may lead to deadlocks in the child.
  child_pid = os.fork()
/home/nikhil/internship/stockapp/env/lib/python3.13/site-packages/pytz/tzinfo.py:27: DeprecationWarning: datetime.datetime.utcfromtimestamp() is deprecated and scheduled for removal in a future version. Use timezone-aware objects to represent datetimes in UTC: datetime.datetime.fromtimestamp(timestamp, datetime.UTC).
  _epoch = datetime.utcfromtimestamp(0)
/home/nikhil/internship/stockapp/env/lib/python3.13/site-packages/pypdf/_crypt_providers/_cryptography.py:32: CryptographyDeprecationWarning: ARC4 has been moved to cryptography.hazmat.decrepit.ciphers.algorithms.ARC4 and will be removed from cryptography.hazmat.primitives.ciphers.algorithms in 48.0.0.
  from cryptography.hazmat.primitives.ciphers.algorithms import AES, ARC4
/home/nikhil/internship/stockapp/env/lib/python3.13/site-packages/rq/worker.py:1305: DeprecationWarning: This process (pid=31138) is multi-threaded, use of fork() may lead to deadlocks in the child.
  child_pid = os.fork()
/home/nikhil/internship/stockapp/env/lib/python3.13/site-packages/pytz/tzinfo.py:27: DeprecationWarning: datetime.datetime.utcfromtimestamp() is deprecated and scheduled for removal in a future version. Use timezone-aware objects to represent datetimes in UTC: datetime.datetime.fromtimestamp(timestamp, datetime.UTC).
  _epoch = datetime.utcfromtimestamp(0)
/home/nikhil/internship/stockapp/env/lib/python3.13/site-packages/googleapiclient/model.py:30: DeprecationWarning: pkg_resources is deprecated as an API. See https://setuptools.pypa.io/en/latest/pkg_resources.html
  import pkg_resources
/home/nikhil/internship/stockapp/env/lib/python3.13/site-packages/pkg_resources/__init__.py:3143: DeprecationWarning: Deprecated call to `pkg_resources.declare_namespace('google')`.
Implementing implicit namespace packages (as specified in PEP 420) is preferred to `pkg_resources.declare_namespace`. See https://setuptools.pypa.io/en/latest/references/keywords.html#keyword-namespace-packages
  declare_namespace(pkg)
/home/nikhil/internship/stockapp/env/lib/python3.13/site-packages/pkg_resources/__init__.py:3143: DeprecationWarning: Deprecated call to `pkg_resources.declare_namespace('google')`.
Implementing implicit namespace packages (as specified in PEP 420) is preferred to `pkg_resources.declare_namespace`. See https://setuptools.pypa.io/en/latest/references/keywords.html#keyword-namespace-packages
  declare_namespace(pkg)
/home/nikhil/internship/stockapp/env/lib/python3.13/site-packages/pkg_resources/__init__.py:3143: DeprecationWarning: Deprecated call to `pkg_resources.declare_namespace('google')`.
Implementing implicit namespace packages (as specified in PEP 420) is preferred to `pkg_resources.declare_namespace`. See https://setuptools.pypa.io/en/latest/references/keywords.html#keyword-namespace-packages
  declare_namespace(pkg)
/home/nikhil/internship/stockapp/env/lib/python3.13/site-packages/rq/worker.py:1305: DeprecationWarning: This process (pid=31138) is multi-threaded, use of fork() may lead to deadlocks in the child.
  child_pid = os.fork()
/home/nikhil/internship/stockapp/env/lib/python3.13/site-packages/pytz/tzinfo.py:27: DeprecationWarning: datetime.datetime.utcfromtimestamp() is deprecated and scheduled for removal in a future version. Use timezone-aware objects to represent datetimes in UTC: datetime.datetime.fromtimestamp(timestamp, datetime.UTC).
  _epoch = datetime.utcfromtimestamp(0)
/home/nikhil/internship/stockapp/env/lib/python3.13/site-packages/rq/worker.py:1305: DeprecationWarning: This process (pid=31138) is multi-threaded, use of fork() may lead to deadlocks in the child.
  child_pid = os.fork()
/home/nikhil/internship/stockapp/env/lib/python3.13/site-packages/pytz/tzinfo.py:27: DeprecationWarning: datetime.datetime.utcfromtimestamp() is deprecated and scheduled for removal in a future version. Use timezone-aware objects to represent datetimes in UTC: datetime.datetime.fromtimestamp(timestamp, datetime.UTC).
  _epoch = datetime.utcfromtimestamp(0)
/home/nikhil/internship/stockapp/env/lib/python3.13/site-packages/rq/worker.py:1305: DeprecationWarning: This process (pid=31138) is multi-threaded, use of fork() may lead to deadlocks in the child.
  child_pid = os.fork()
/home/nikhil/internship/stockapp/env/lib/python3.13/site-packages/pytz/tzinfo.py:27: DeprecationWarning: datetime.datetime.utcfromtimestamp() is deprecated and scheduled for removal in a future version. Use timezone-aware objects to represent datetimes in UTC: datetime.datetime.fromtimestamp(timestamp, datetime.UTC).
  _epoch = datetime.utcfromtimestamp(0)
