2025-05-23 14:05:58,469 Worker rq:worker:92fc1db2f3074a3097000e38e0fa8d96 started with PID 31138, version 2.3.2
2025-05-23 14:05:58,469 Subscribing to channel rq:pubsub:92fc1db2f3074a3097000e38e0fa8d96
2025-05-23 14:05:58,469 *** Listening on home-nikhil-internship-stockapp:short, home-nikhil-internship-stockapp:default, home-nikhil-internship-stockapp:long...
2025-05-23 14:05:58,470 Cleaning registries for queue: home-nikhil-internship-stockapp:short
2025-05-23 14:05:58,471 Cleaning registries for queue: home-nikhil-internship-stockapp:default
2025-05-23 14:05:58,471 Cleaning registries for queue: home-nikhil-internship-stockapp:long
2025-05-23 14:06:38,424 home-nikhil-internship-stockapp:default: frappe.utils.background_jobs.execute_job(event=None, is_async=True, job_name='frappe.core.doctype.user.user.create_contact', kwargs={'user': <User: doctype=User admin@example.com>, 'ignore_mandatory': True}, method='frappe.core.doctype.user.user.create_contact', site='stocktracker.local', user='Administrator') (stocktracker.local||fd8bbf79-355e-47f3-8252-0371ae27da24)
2025-05-23 14:06:38,994 Successfully completed frappe.utils.background_jobs.execute_job(event=None, is_async=True, job_name='frappe.core.doctype.user.user.create_contact', kwargs={'user': <User: doctype=User admin@example.com>, 'ignore_mandatory': True}, method='frappe.core.doctype.user.user.create_contact', site='stocktracker.local', user='Administrator') job in 0:00:00.426451s on worker 92fc1db2f3074a3097000e38e0fa8d96
2025-05-23 14:06:38,994 home-nikhil-internship-stockapp:default: Job OK (stocktracker.local||fd8bbf79-355e-47f3-8252-0371ae27da24)
2025-05-23 14:06:38,994 Result is kept for 600 seconds
2025-05-23 14:06:38,999 home-nikhil-internship-stockapp:default: frappe.utils.background_jobs.execute_job(event=None, is_async=True, job_name='frappe.core.doctype.user.user.update_gravatar', kwargs={'name': 'admin@example.com'}, method='frappe.core.doctype.user.user.update_gravatar', site='stocktracker.local', user='Administrator') (stocktracker.local||d6f66eaa-0292-4c75-a605-aa56a1a35c88)
2025-05-23 14:06:39,213 Successfully completed frappe.utils.background_jobs.execute_job(event=None, is_async=True, job_name='frappe.core.doctype.user.user.update_gravatar', kwargs={'name': 'admin@example.com'}, method='frappe.core.doctype.user.user.update_gravatar', site='stocktracker.local', user='Administrator') job in 0:00:00.206950s on worker 92fc1db2f3074a3097000e38e0fa8d96
2025-05-23 14:06:39,213 home-nikhil-internship-stockapp:default: Job OK (stocktracker.local||d6f66eaa-0292-4c75-a605-aa56a1a35c88)
2025-05-23 14:06:39,213 Result is kept for 600 seconds
2025-05-23 14:10:00,264 home-nikhil-internship-stockapp:default: frappe.utils.background_jobs.execute_job(event=None, is_async=True, job_name='frappe.core.doctype.scheduled_job_type.scheduled_job_type.run_scheduled_jo..., kwargs={'job_type': 'frappe.email.doctype.email_account.email_account.pull', 'sche..., method='frappe.core.doctype.scheduled_job_type.scheduled_job_type.run_scheduled_jo..., site='stocktracker.local', user='Administrator') (stocktracker.local||scheduled_job||011qpemuv3)
2025-05-23 14:10:00,459 Successfully completed frappe.utils.background_jobs.execute_job(event=None, is_async=True, job_name='frappe.core.doctype.scheduled_job_type.scheduled_job_type.run_scheduled_jo..., kwargs={'job_type': 'frappe.email.doctype.email_account.email_account.pull', 'sche..., method='frappe.core.doctype.scheduled_job_type.scheduled_job_type.run_scheduled_jo..., site='stocktracker.local', user='Administrator') job in 0:00:00.189240s on worker 92fc1db2f3074a3097000e38e0fa8d96
2025-05-23 14:10:00,459 home-nikhil-internship-stockapp:default: Job OK (stocktracker.local||scheduled_job||011qpemuv3)
2025-05-23 14:10:00,459 Result is kept for 600 seconds
2025-05-23 14:10:00,463 home-nikhil-internship-stockapp:default: frappe.utils.background_jobs.execute_job(event=None, is_async=True, job_name='frappe.core.doctype.scheduled_job_type.scheduled_job_type.run_scheduled_jo..., kwargs={'job_type': 'frappe.email.doctype.notification.notification.trigger_offset..., method='frappe.core.doctype.scheduled_job_type.scheduled_job_type.run_scheduled_jo..., site='stocktracker.local', user='Administrator') (stocktracker.local||scheduled_job||011th63q23)
2025-05-23 14:10:00,645 Successfully completed frappe.utils.background_jobs.execute_job(event=None, is_async=True, job_name='frappe.core.doctype.scheduled_job_type.scheduled_job_type.run_scheduled_jo..., kwargs={'job_type': 'frappe.email.doctype.notification.notification.trigger_offset..., method='frappe.core.doctype.scheduled_job_type.scheduled_job_type.run_scheduled_jo..., site='stocktracker.local', user='Administrator') job in 0:00:00.177026s on worker 92fc1db2f3074a3097000e38e0fa8d96
2025-05-23 14:10:00,646 home-nikhil-internship-stockapp:default: Job OK (stocktracker.local||scheduled_job||011th63q23)
2025-05-23 14:10:00,646 Result is kept for 600 seconds
2025-05-23 14:10:00,650 home-nikhil-internship-stockapp:default: frappe.utils.background_jobs.execute_job(event=None, is_async=True, job_name='frappe.core.doctype.scheduled_job_type.scheduled_job_type.run_scheduled_jo..., kwargs={'job_type': 'frappe.email.queue.flush', 'scheduled_job_type': '0112h2c402'..., method='frappe.core.doctype.scheduled_job_type.scheduled_job_type.run_scheduled_jo..., site='stocktracker.local', user='Administrator') (stocktracker.local||scheduled_job||0112h2c402)
2025-05-23 14:10:00,862 Successfully completed frappe.utils.background_jobs.execute_job(event=None, is_async=True, job_name='frappe.core.doctype.scheduled_job_type.scheduled_job_type.run_scheduled_jo..., kwargs={'job_type': 'frappe.email.queue.flush', 'scheduled_job_type': '0112h2c402'..., method='frappe.core.doctype.scheduled_job_type.scheduled_job_type.run_scheduled_jo..., site='stocktracker.local', user='Administrator') job in 0:00:00.207544s on worker 92fc1db2f3074a3097000e38e0fa8d96
2025-05-23 14:10:00,862 home-nikhil-internship-stockapp:default: Job OK (stocktracker.local||scheduled_job||0112h2c402)
2025-05-23 14:10:00,862 Result is kept for 600 seconds
2025-05-23 14:10:00,867 home-nikhil-internship-stockapp:default: frappe.utils.background_jobs.execute_job(event=None, is_async=True, job_name='frappe.core.doctype.scheduled_job_type.scheduled_job_type.run_scheduled_jo..., kwargs={'job_type': 'frappe.integrations.doctype.google_calendar.google_calendar.s..., method='frappe.core.doctype.scheduled_job_type.scheduled_job_type.run_scheduled_jo..., site='stocktracker.local', user='Administrator') (stocktracker.local||scheduled_job||011gfbenp4)
2025-05-23 14:10:01,124 Successfully completed frappe.utils.background_jobs.execute_job(event=None, is_async=True, job_name='frappe.core.doctype.scheduled_job_type.scheduled_job_type.run_scheduled_jo..., kwargs={'job_type': 'frappe.integrations.doctype.google_calendar.google_calendar.s..., method='frappe.core.doctype.scheduled_job_type.scheduled_job_type.run_scheduled_jo..., site='stocktracker.local', user='Administrator') job in 0:00:00.252084s on worker 92fc1db2f3074a3097000e38e0fa8d96
2025-05-23 14:10:01,124 home-nikhil-internship-stockapp:default: Job OK (stocktracker.local||scheduled_job||011gfbenp4)
2025-05-23 14:10:01,124 Result is kept for 600 seconds
2025-05-23 14:10:01,128 home-nikhil-internship-stockapp:default: frappe.utils.background_jobs.execute_job(event=None, is_async=True, job_name='frappe.core.doctype.scheduled_job_type.scheduled_job_type.run_scheduled_jo..., kwargs={'job_type': 'frappe.monitor.flush', 'scheduled_job_type': '0118mqgcmu'}, method='frappe.core.doctype.scheduled_job_type.scheduled_job_type.run_scheduled_jo..., site='stocktracker.local', user='Administrator') (stocktracker.local||scheduled_job||0118mqgcmu)
2025-05-23 14:10:01,294 Successfully completed frappe.utils.background_jobs.execute_job(event=None, is_async=True, job_name='frappe.core.doctype.scheduled_job_type.scheduled_job_type.run_scheduled_jo..., kwargs={'job_type': 'frappe.monitor.flush', 'scheduled_job_type': '0118mqgcmu'}, method='frappe.core.doctype.scheduled_job_type.scheduled_job_type.run_scheduled_jo..., site='stocktracker.local', user='Administrator') job in 0:00:00.160997s on worker 92fc1db2f3074a3097000e38e0fa8d96
2025-05-23 14:10:01,294 home-nikhil-internship-stockapp:default: Job OK (stocktracker.local||scheduled_job||0118mqgcmu)
2025-05-23 14:10:01,294 Result is kept for 600 seconds
